2025-09-19 09:01:00 | DEBUG | repo=arquillian-phantom-binary | action=commit
2025-11-27 19:13:00 | WARN | repo=arquillian-phantom-binary | action=commit
2025-03-01 07:56:00 | DEBUG | repo=arquillian-phantom-binary | action=commit
2025-05-19 21:36:00 | DEBUG | repo=arquillian-phantom-binary | action=test | passed=true
2025-08-02 21:19:00 | WARN | repo=arquillian-phantom-binary | action=test | passed=true
2025-05-02 20:37:00 | INFO | repo=arquillian-phantom-binary | action=commit
2025-09-15 12:48:00 | DEBUG | repo=arquillian-phantom-binary | action=commit
2025-02-05 17:33:00 | DEBUG | repo=arquillian-phantom-binary | action=commit
2025-01-17 14:18:00 | INFO | repo=arquillian-phantom-binary | action=commit
2025-01-03 08:48:00 | WARN | repo=arquillian-phantom-binary | action=pull
2025-01-11 07:00:00 | DEBUG | repo=arquillian-phantom-binary | action=commit
2025-03-02 19:06:00 | DEBUG | repo=arquillian-phantom-binary | action=commit
2025-07-20 11:55:00 | INFO | repo=arquillian-phantom-binary | action=commit
2025-02-04 07:24:00 | DEBUG | repo=arquillian-phantom-binary | action=edit | files=2
2025-04-23 07:17:00 | INFO | repo=arquillian-phantom-binary | action=commit
2025-01-22 21:15:00 | WARN | repo=arquillian-phantom-binary | action=test | passed=true
2025-07-03 08:32:00 | INFO | repo=arquillian-phantom-binary | action=test | passed=true
2025-02-08 08:26:00 | INFO | repo=arquillian-phantom-binary | action=commit
2025-06-25 09:38:00 | WARN | repo=arquillian-phantom-binary | action=commit
2025-06-01 10:09:00 | DEBUG | repo=arquillian-phantom-binary | action=commit
2025-03-22 20:30:00 | WARN | repo=arquillian-phantom-binary | action=commit
2025-04-28 20:57:00 | WARN | repo=arquillian-phantom-binary | action=commit
2025-05-20 16:41:00 | INFO | repo=arquillian-phantom-binary | action=test | passed=true
2025-06-03 19:15:00 | DEBUG | repo=arquillian-phantom-binary | action=commit
2025-02-22 10:42:00 | DEBUG | repo=arquillian-phantom-binary | action=commit
2025-02-25 18:25:00 | WARN | repo=arquillian-phantom-binary | action=commit
2025-04-09 18:40:00 | INFO | repo=arquillian-phantom-binary | action=commit
2025-12-21 18:47:00 | INFO | repo=arquillian-phantom-binary | action=commit
2025-02-17 19:01:00 | DEBUG | repo=arquillian-phantom-binary | action=commit
2025-09-09 07:32:00 | DEBUG | repo=arquillian-phantom-binary | action=commit
2025-09-06 09:36:00 | INFO | repo=arquillian-phantom-binary | action=commit
2025-01-28 10:32:00 | INFO | repo=arquillian-phantom-binary | action=commit
2025-10-16 20:44:00 | INFO | repo=arquillian-phantom-binary | action=commit
2025-09-27 20:29:00 | INFO | repo=arquillian-phantom-binary | action=commit
2025-02-14 08:07:00 | DEBUG | repo=arquillian-phantom-binary | action=commit
2025-02-24 07:24:00 | INFO | repo=arquillian-phantom-binary | action=commit
2025-02-09 13:24:00 | DEBUG | repo=arquillian-phantom-binary | action=pull
2025-10-04 08:56:00 | DEBUG | repo=arquillian-phantom-binary | action=commit
2025-09-01 20:22:00 | WARN | repo=arquillian-phantom-binary | action=commit
2025-05-18 18:49:00 | DEBUG | repo=arquillian-phantom-binary | action=commit
2025-10-08 15:53:00 | DEBUG | repo=arquillian-phantom-binary | action=pull
2025-06-04 15:15:00 | DEBUG | repo=arquillian-phantom-binary | action=commit
2025-12-05 07:23:00 | INFO | repo=arquillian-phantom-binary | action=commit
2025-03-20 07:20:00 | INFO | repo=arquillian-phantom-binary | action=commit
2025-11-06 20:28:00 | DEBUG | repo=arquillian-phantom-binary | action=commit
2025-07-24 20:28:00 | WARN | repo=arquillian-phantom-binary | action=commit
2025-02-10 20:02:00 | INFO | repo=arquillian-phantom-binary | action=commit
2025-08-09 11:32:00 | DEBUG | repo=arquillian-phantom-binary | action=test | passed=true
2025-02-01 18:28:00 | INFO | repo=arquillian-phantom-binary | action=commit
2025-12-04 19:32:00 | DEBUG | repo=arquillian-phantom-binary | action=commit
2025-06-19 10:53:00 | DEBUG | repo=arquillian-phantom-binary | action=commit
2025-02-17 20:38:00 | INFO | repo=arquillian-phantom-binary | action=commit
